<?xml version="1.0" encoding="utf-8" standalone="no"?>
<!--This file represents the results of running a test suite-->
<test-results name="D:\Interface\Interface\P.Interface\Mesnac.Interface.NUTest\bin\Debug\Mesnac.Interface.NUTest.dll" total="1" errors="1" failures="0" not-run="0" inconclusive="0" ignored="0" skipped="0" invalid="0" date="2015-08-31" time="11:00:42">
  <environment nunit-version="2.6.3.13283" clr-version="2.0.50727.5485" os-version="Microsoft Windows NT 6.1.7601 Service Pack 1" platform="Win32NT" cwd="D:\Tools\NUnit-2.6.3\NUnit-2.6.3\bin" machine-name="NOTEBOOK0519" user="Administrator" user-domain="NOTEBOOK0519" />
  <culture-info current-culture="zh-CN" current-uiculture="zh-CN" />
  <test-suite type="Assembly" name="D:\Interface\Interface\P.Interface\Mesnac.Interface.NUTest\bin\Debug\Mesnac.Interface.NUTest.dll" executed="True" result="Failure" success="False" time="1.566" asserts="0">
    <results>
      <test-suite type="Namespace" name="Mesnac" executed="True" result="Failure" success="False" time="1.541" asserts="0">
        <results>
          <test-suite type="Namespace" name="Curing" executed="True" result="Failure" success="False" time="1.541" asserts="0">
            <results>
              <test-suite type="Namespace" name="NUTest" executed="True" result="Failure" success="False" time="1.540" asserts="0">
                <results>
                  <test-suite type="TestFixture" name="_Test" executed="True" result="Failure" success="False" time="1.537" asserts="0">
                    <results>
                      <test-case name="Mesnac.Curing.NUTest._Test.TestCase" executed="True" result="Error" success="False" time="1.420" asserts="0">
                        <failure>
                          <message><![CDATA[MyBatis.Common.Exceptions.ConfigurationException : Could not configure providers. Unable to load provider named "oracle11.2" not found, failed. Cause: 未能加载文件或程序集“Oracle.DataAccess, Version=2.112.1.0, Culture=neutral, PublicKeyToken=89b483f429c47342”或它的某一个依赖项。系统找不到指定的文件。
  ----> System.IO.FileNotFoundException : 未能加载文件或程序集“Oracle.DataAccess, Version=2.112.1.0, Culture=neutral, PublicKeyToken=89b483f429c47342”或它的某一个依赖项。系统找不到指定的文件。]]></message>
                          <stack-trace><![CDATA[在 MyBatis.Common.Data.DbProvider.Initialize()
在 MyBatis.Common.Data.DbProviderFactory..ctor(IConfiguration[] providers)
在 MyBatis.DataMapper.Configuration.DefaultModelBuilder.BuildProviders(IConfigurationStore store)
在 MyBatis.DataMapper.Configuration.DefaultModelBuilder.BuildModel(ConfigurationSetting configurationSetting, IConfigurationStore store)
在 MyBatis.DataMapper.Configuration.DefaultConfigurationEngine.BuildMapperFactory()
在 Mesnac.DbAccess.DbHelper.Ini(DbInfo dbInfo)
在 Mesnac.DbAccess.DbHelper..ctor(DbInfo dbInfo)
在 Mesnac.DbAccess.DbHelper.GetInstance(DbInfo dbInfo)
在 Mesnac.DbAccess.BaseService`1.GetEntityList(Int32 top, T entity, String orderby)
在 Mesnac.Curing.NUTest._Test.TestCase() 位置 d:\Interface\Interface\P.Interface\Mesnac.Interface.NUTest\_Test.cs:行号 49
--FileNotFoundException
在 System.Reflection.RuntimeAssembly._nLoad(AssemblyName fileName, String codeBase, Evidence assemblySecurity, RuntimeAssembly locationHint, StackCrawlMark& stackMark, IntPtr pPrivHostBinder, Boolean throwOnFileNotFound, Boolean forIntrospection, Boolean suppressSecurityChecks)
在 System.Reflection.RuntimeAssembly.InternalLoadAssemblyName(AssemblyName assemblyRef, Evidence assemblySecurity, RuntimeAssembly reqAssembly, StackCrawlMark& stackMark, IntPtr pPrivHostBinder, Boolean throwOnFileNotFound, Boolean forIntrospection, Boolean suppressSecurityChecks)
在 System.Reflection.RuntimeAssembly.InternalLoad(String assemblyString, Evidence assemblySecurity, StackCrawlMark& stackMark, IntPtr pPrivHostBinder, Boolean forIntrospection)
在 System.Reflection.RuntimeAssembly.InternalLoad(String assemblyString, Evidence assemblySecurity, StackCrawlMark& stackMark, Boolean forIntrospection)
在 System.Reflection.Assembly.Load(String assemblyString)
在 MyBatis.Common.Data.DbProvider.Initialize()
]]></stack-trace>
                        </failure>
                      </test-case>
                    </results>
                  </test-suite>
                </results>
              </test-suite>
            </results>
          </test-suite>
        </results>
      </test-suite>
    </results>
  </test-suite>
</test-results>