<?xml version="1.0" encoding="utf-8" standalone="no"?>
<!--This file represents the results of running a test suite-->
<test-results name="D:\Interface\Interface\P.Interface\Mesnac.Interface.Webservice\bin\Mesnac.Interface.Webservice.dll" total="1" errors="1" failures="0" not-run="0" inconclusive="0" ignored="0" skipped="0" invalid="0" date="2015-08-31" time="11:23:48">
  <environment nunit-version="2.6.3.13283" clr-version="2.0.50727.5485" os-version="Microsoft Windows NT 6.1.7601 Service Pack 1" platform="Win32NT" cwd="D:\Tools\NUnit-2.6.3\NUnit-2.6.3\bin" machine-name="NOTEBOOK0519" user="Administrator" user-domain="NOTEBOOK0519" />
  <culture-info current-culture="zh-CN" current-uiculture="zh-CN" />
  <test-suite type="Assembly" name="D:\Interface\Interface\P.Interface\Mesnac.Interface.Webservice\bin\Mesnac.Interface.Webservice.dll" executed="True" result="Failure" success="False" time="0.006" asserts="0">
    <results>
      <test-suite type="Namespace" name="Mesnac" executed="True" result="Failure" success="False" time="0.006" asserts="0">
        <results>
          <test-suite type="Namespace" name="Interface" executed="True" result="Failure" success="False" time="0.006" asserts="0">
            <results>
              <test-suite type="Namespace" name="Webservice" executed="True" result="Failure" success="False" time="0.005" asserts="0">
                <results>
                  <test-suite type="TestFixture" name="_Test" executed="True" result="Failure" success="False" time="0.005" asserts="0">
                    <results>
                      <test-case name="Mesnac.Interface.Webservice._Test.TestCase" executed="True" result="Error" success="False" time="0.004" asserts="0">
                        <failure>
                          <message><![CDATA[System.NullReferenceException : 未将对象引用设置到对象的实例。]]></message>
                          <stack-trace><![CDATA[在 Mesnac.DbAccess.BaseService`1.GetRowCount(T entity)
在 Mesnac.Interface.Webservice.MesInterface.MesMethod.Get() 位置 d:\Interface\Interface\P.Interface\Mesnac.Interface.Webservice\MesInterface\MesMethod.cs:行号 30
在 Mesnac.Interface.Webservice._Test.TestCase() 位置 d:\Interface\Interface\P.Interface\Mesnac.Interface.Webservice\_Test.cs:行号 49
]]></stack-trace>
                        </failure>
                      </test-case>
                    </results>
                  </test-suite>
                </results>
              </test-suite>
            </results>
          </test-suite>
        </results>
      </test-suite>
    </results>
  </test-suite>
</test-results>